2024-06-03T15:28:23.155Z info: Server is started on http://localhost:5002
2024-06-03T15:28:28.147Z info: MongoDB connected
2024-06-03T15:28:56.346Z info: Server is started on http://localhost:5002
2024-06-03T15:28:59.542Z info: MongoDB connected
2024-06-09T17:24:27.495Z info: Server is started on http://localhost:5002
2024-06-09T17:24:30.723Z info: MongoDB connected
2024-06-09T17:26:02.294Z info: Server is started on http://localhost:5002
2024-06-09T17:26:05.354Z info: MongoDB connected
2024-06-09T17:27:00.898Z info: Server is started on http://localhost:5002
2024-06-09T17:27:03.727Z info: MongoDB connected
2024-06-09T17:27:12.976Z info: Server is started on http://localhost:5002
2024-06-09T17:27:16.234Z info: MongoDB connected
2024-06-09T17:27:19.529Z info: Server is started on http://localhost:5002
2024-06-09T17:27:22.509Z info: MongoDB connected
2024-06-09T17:31:28.968Z info: Server is started on http://localhost:5002
2024-06-09T17:31:33.355Z info: Server is started on http://localhost:5002
2024-06-09T17:31:36.305Z info: MongoDB connected
2024-06-09T17:34:37.726Z info: Server is started on http://localhost:5002
2024-06-09T17:34:41.057Z info: MongoDB connected
2024-06-09T17:38:04.196Z info: Server is started on http://localhost:5002
2024-06-09T17:38:07.440Z info: MongoDB connected
2024-06-09T17:38:09.236Z info: Server is started on http://localhost:5002
2024-06-09T17:38:12.163Z info: MongoDB connected
2024-06-09T17:42:57.497Z info: Server is started on http://localhost:5002
2024-06-09T17:43:00.648Z info: MongoDB connected
2024-06-09T17:43:02.857Z info: Server is started on http://localhost:5002
2024-06-09T17:43:05.705Z info: MongoDB connected
2024-06-09T17:43:22.107Z info: Server is started on http://localhost:5002
2024-06-09T17:43:24.916Z info: MongoDB connected
2024-06-09T17:49:02.901Z info: Server is started on http://localhost:5002
2024-06-09T17:49:06.293Z info: MongoDB connected
2024-06-09T17:50:58.166Z info: Server is started on http://localhost:5002
2024-06-09T17:51:01.433Z info: MongoDB connected
2024-06-09T17:51:11.246Z info: Server is started on http://localhost:5002
2024-06-09T17:51:14.142Z info: MongoDB connected
2024-06-09T17:51:27.027Z info: Server is started on http://localhost:5002
2024-06-09T17:51:30.012Z info: MongoDB connected
2024-06-09T17:51:38.187Z info: Server is started on http://localhost:5002
2024-06-09T17:51:41.915Z info: Server is started on http://localhost:5002
2024-06-09T17:51:44.788Z info: MongoDB connected
2024-06-09T17:51:53.746Z info: Server is started on http://localhost:5002
2024-06-09T17:51:56.685Z info: MongoDB connected
2024-06-09T17:52:10.155Z info: Server is started on http://localhost:5002
2024-06-09T17:52:13.320Z info: MongoDB connected
2024-06-09T17:56:34.676Z info: Server is started on http://localhost:5002
2024-06-09T17:56:37.592Z info: MongoDB connected
2024-06-09T17:57:20.806Z info: Server is started on http://localhost:5002
2024-06-09T17:57:23.540Z info: MongoDB connected
2024-06-09T17:57:25.947Z info: Server is started on http://localhost:5002
2024-06-09T17:57:29.115Z info: MongoDB connected
2024-06-09T17:57:45.637Z info: Server is started on http://localhost:5002
2024-06-09T17:57:48.006Z info: Server is started on http://localhost:5002
2024-06-09T17:57:50.791Z info: MongoDB connected
2024-06-09T17:58:33.951Z info: Server is started on http://localhost:5002
2024-06-09T17:58:36.975Z info: MongoDB connected
2024-06-09T17:58:39.219Z info: Server is started on http://localhost:5002
2024-06-09T17:58:42.717Z info: MongoDB connected
2024-06-09T17:58:58.442Z info: Server is started on http://localhost:5002
2024-06-09T17:59:01.552Z info: MongoDB connected
2024-06-09T17:59:10.022Z info: Server is started on http://localhost:5002
2024-06-09T17:59:12.916Z info: MongoDB connected
2024-06-09T17:59:19.039Z info: Server is started on http://localhost:5002
2024-06-09T17:59:22.221Z info: MongoDB connected
2024-06-09T17:59:43.072Z info: Server is started on http://localhost:5002
2024-06-09T17:59:45.844Z info: MongoDB connected
2024-06-09T18:00:16.506Z info: Server is started on http://localhost:5002
2024-06-09T18:00:19.652Z info: MongoDB connected
2024-06-09T18:00:22.347Z info: Server is started on http://localhost:5002
2024-06-09T18:00:25.363Z info: MongoDB connected
2024-06-09T18:05:40.240Z info: Server is started on http://localhost:5002
2024-06-09T18:05:43.632Z info: MongoDB connected
2024-06-09T18:13:24.332Z info: Server is started on http://localhost:5002
2024-06-09T18:13:27.458Z info: MongoDB connected
2024-06-09T18:13:30.257Z info: Server is started on http://localhost:5002
2024-06-09T18:13:33.189Z info: MongoDB connected
2024-06-09T18:13:53.217Z info: Server is started on http://localhost:5002
2024-06-09T18:13:56.049Z info: MongoDB connected
2024-06-09T18:14:25.369Z info: Server is started on http://localhost:5002
2024-06-09T18:14:28.494Z info: MongoDB connected
2024-06-09T18:14:29.896Z info: Server is started on http://localhost:5002
2024-06-09T18:14:32.993Z info: MongoDB connected
2024-06-09T18:51:13.030Z info: Server is started on http://localhost:5002
2024-06-09T18:51:16.914Z info: Server is started on http://localhost:5002
2024-06-09T18:51:19.768Z info: MongoDB connected
2024-07-06T11:41:40.292Z info: Server is started on http://localhost:5002
2024-07-06T11:41:43.520Z info: MongoDB connected
2024-07-06T11:41:54.263Z info: Server is started on http://localhost:5002
2024-07-06T11:41:59.832Z info: MongoDB connected
2024-07-06T11:46:28.385Z info: Server is started on http://localhost:5002
2024-07-06T11:46:32.627Z info: MongoDB connected
2024-07-06T11:49:46.779Z info: Server is started on http://localhost:5002
2024-07-06T11:49:53.899Z info: MongoDB connected
2024-07-07T10:58:24.251Z info: Server is started on http://localhost:5002
2024-07-07T10:58:27.635Z info: MongoDB connected
2024-07-07T10:58:41.163Z info: Server is started on http://localhost:5002
2024-07-07T10:58:44.231Z info: MongoDB connected
2024-07-07T10:58:56.307Z info: Server is started on http://localhost:5002
2024-07-07T10:58:59.376Z info: MongoDB connected
2024-07-07T10:59:05.276Z info: Server is started on http://localhost:5002
2024-07-07T10:59:08.301Z info: MongoDB connected
2024-07-07T11:00:01.985Z info: Server is started on http://localhost:5002
2024-07-07T11:00:05.336Z info: MongoDB connected
2024-07-07T11:00:19.258Z info: Server is started on http://localhost:5002
2024-07-07T11:00:23.284Z info: Server is started on http://localhost:5002
2024-07-07T11:00:26.452Z info: MongoDB connected
2024-07-07T11:00:48.916Z info: Server is started on http://localhost:5002
2024-07-07T11:00:52.067Z info: MongoDB connected
2024-07-07T11:01:02.601Z info: Server is started on http://localhost:5002
2024-07-07T11:01:05.814Z info: MongoDB connected
2024-07-07T11:02:03.685Z info: Server is started on http://localhost:5002
2024-07-07T11:02:07.218Z info: MongoDB connected
2024-07-07T11:07:37.060Z info: Server is started on http://localhost:5002
2024-07-07T11:07:40.293Z info: MongoDB connected
2024-07-07T11:07:53.212Z info: Server is started on http://localhost:5002
2024-07-07T11:07:56.189Z info: MongoDB connected
2024-07-07T11:08:17.551Z info: Server is started on http://localhost:5002
2024-07-07T11:08:20.748Z info: MongoDB connected
2024-07-07T11:10:23.239Z info: Server is started on http://localhost:5002
2024-07-07T11:10:26.522Z info: MongoDB connected
2024-07-07T11:12:55.074Z info: Server is started on http://localhost:5002
2024-07-07T11:12:58.715Z info: MongoDB connected
2024-07-07T11:14:54.243Z info: Server is started on http://localhost:5002
2024-07-07T11:14:57.529Z info: MongoDB connected
2024-07-07T11:15:06.048Z info: Server is started on http://localhost:5002
2024-07-07T11:15:09.058Z info: MongoDB connected
2024-07-07T11:15:20.435Z info: Server is started on http://localhost:5002
2024-07-07T11:15:23.473Z info: MongoDB connected
2024-07-07T11:15:51.661Z info: Server is started on http://localhost:5002
2024-07-07T11:15:54.674Z info: MongoDB connected
2024-07-07T11:16:22.932Z info: Server is started on http://localhost:5002
2024-07-07T11:16:26.445Z info: MongoDB connected
2024-07-07T11:36:51.797Z info: Server is started on http://localhost:5002
2024-07-07T11:36:56.282Z info: MongoDB connected
2024-07-07T11:37:01.635Z info: Server is started on http://localhost:5002
2024-07-07T11:37:05.699Z info: MongoDB connected
2024-07-07T11:38:11.071Z info: Server is started on http://localhost:5002
2024-07-07T11:38:16.418Z info: MongoDB connected
2024-07-07T11:40:44.832Z info: POST /api/advertisements/store
2024-07-07T11:41:40.037Z info: GET /api/advertisements/all
2024-07-13T08:03:30.110Z info: Server is started on http://localhost:5002
2024-07-13T08:03:41.968Z info: MongoDB connected
2024-07-13T08:36:36.804Z info: Server is started on http://localhost:5002
2024-07-13T08:36:42.239Z info: MongoDB connected
2024-07-13T08:37:31.190Z info: Server is started on http://localhost:5002
2024-07-13T08:37:41.798Z info: MongoDB connected
2024-07-13T08:37:45.523Z info: Server is started on http://localhost:5002
2024-07-13T08:37:49.433Z info: MongoDB connected
2024-07-13T08:37:58.861Z info: Server is started on http://localhost:5002
2024-07-13T08:38:07.850Z info: Server is started on http://localhost:5002
2024-07-13T08:38:19.226Z info: MongoDB connected
2024-07-13T08:42:37.109Z info: Server is started on http://localhost:5002
2024-07-13T08:42:55.246Z info: Server is started on http://localhost:5002
2024-07-13T08:43:01.265Z info: Server is started on http://localhost:5002
2024-07-13T08:43:23.638Z info: MongoDB connected
2024-07-13T08:46:02.770Z info: Server is started on http://localhost:5002
2024-07-13T08:46:11.398Z info: MongoDB connected
2024-07-13T08:46:22.440Z info: Server is started on http://localhost:5002
2024-07-13T08:46:52.584Z error: MongooseServerSelectionError: Server selection timed out after 30000 ms
    at _handleConnectionErrors (C:\Users\KW\Documents\Projects\Freelance\in-progress\Shengen - my library\Shengen- MyLibrary - 19_05_2024\backend\ml-be\node_modules\mongoose\lib\connection.js:896:11)
    at NativeConnection.openUri (C:\Users\KW\Documents\Projects\Freelance\in-progress\Shengen - my library\Shengen- MyLibrary - 19_05_2024\backend\ml-be\node_modules\mongoose\lib\connection.js:847:11)
2024-07-13T09:02:09.264Z info: Server is started on http://localhost:5002
2024-07-13T09:02:22.574Z info: MongoDB connected
2024-07-13T09:40:36.166Z info: Server is started on http://localhost:5002
2024-07-13T09:40:44.950Z info: MongoDB connected
2024-07-13T09:41:15.523Z info: Server is started on http://localhost:5002
2024-07-13T09:41:18.594Z info: MongoDB connected
2024-07-13T09:41:45.358Z info: Server is started on http://localhost:5002
2024-07-13T09:42:15.644Z error: MongooseServerSelectionError: Server selection timed out after 30000 ms
    at _handleConnectionErrors (C:\Users\KW\Documents\Projects\Freelance\in-progress\Shengen - my library\Shengen- MyLibrary - 19_05_2024\backend\ml-be\node_modules\mongoose\lib\connection.js:896:11)
    at NativeConnection.openUri (C:\Users\KW\Documents\Projects\Freelance\in-progress\Shengen - my library\Shengen- MyLibrary - 19_05_2024\backend\ml-be\node_modules\mongoose\lib\connection.js:847:11)
2024-07-13T09:42:17.697Z info: Server is started on http://localhost:5002
2024-07-13T09:42:28.927Z info: MongoDB connected
2024-07-13T09:42:36.321Z info: Server is started on http://localhost:5002
2024-07-13T09:42:42.821Z info: Server is started on http://localhost:5002
2024-07-13T09:42:53.327Z info: MongoDB connected
2024-07-13T09:44:15.595Z info: Server is started on http://localhost:5002
2024-07-13T09:44:26.276Z info: MongoDB connected
2024-07-13T09:44:39.867Z info: Server is started on http://localhost:5002
2024-07-13T09:44:42.251Z info: Server is started on http://localhost:5002
2024-07-13T09:44:54.950Z info: Server is started on http://localhost:5002
2024-07-13T09:45:01.648Z info: Server is started on http://localhost:5002
2024-07-13T09:45:46.628Z info: MongoDB connected
2024-07-13T09:48:46.254Z info: Server is started on http://localhost:5002
2024-07-13T09:48:49.632Z info: MongoDB connected
2024-07-13T09:49:57.884Z info: Server is started on http://localhost:5002
2024-07-13T09:50:07.799Z info: MongoDB connected
2024-07-13T09:50:10.681Z info: Server is started on http://localhost:5002
2024-07-13T09:50:30.485Z info: MongoDB connected
2024-07-13T09:59:24.021Z info: Server is started on http://localhost:5002
2024-07-13T09:59:31.620Z info: Server is started on http://localhost:5002
2024-07-13T09:59:39.829Z info: MongoDB connected
2024-07-13T09:59:58.561Z info: Server is started on http://localhost:5002
2024-07-13T10:00:10.588Z info: Server is started on http://localhost:5002
2024-07-13T10:00:31.981Z info: Server is started on http://localhost:5002
2024-07-13T10:00:49.106Z info: Server is started on http://localhost:5002
2024-07-13T10:00:57.234Z info: Server is started on http://localhost:5002
2024-07-13T10:01:05.915Z info: MongoDB connected
2024-07-13T10:08:45.894Z info: Server is started on http://localhost:5002
2024-07-13T10:08:53.271Z info: Server is started on http://localhost:5002
2024-07-13T10:09:07.467Z info: POST /api/mobile-users/store
2024-07-13T10:09:11.242Z info: MongoDB connected
2024-07-13T10:23:41.303Z info: POST /api/auth/login
2024-07-13T10:24:54.760Z info: POST /api/auth/login
2024-07-13T10:26:20.603Z info: POST /api/auth/librarian/login
2024-07-13T10:31:36.942Z info: POST /api/auth/librarian/login
