2024-06-03T15:48:34.538Z error: MulterError: Unexpected field
    at wrappedFileFilter (C:\Users\KW\Documents\Projects\Freelance\in-progress\Shengen- MyLibrary - NEW - 19_05_2024\backend\ml-be\node_modules\multer\index.js:40:19)
    at Multipart.<anonymous> (C:\Users\KW\Documents\Projects\Freelance\in-progress\Shengen- MyLibrary - NEW - 19_05_2024\backend\ml-be\node_modules\multer\lib\make-middleware.js:107:7)
    at Multipart.emit (node:events:518:28)
    at HeaderParser.cb (C:\Users\KW\Documents\Projects\Freelance\in-progress\Shengen- MyLibrary - NEW - 19_05_2024\backend\ml-be\node_modules\busboy\lib\types\multipart.js:358:14)
    at HeaderParser.push (C:\Users\KW\Documents\Projects\Freelance\in-progress\Shengen- MyLibrary - NEW - 19_05_2024\backend\ml-be\node_modules\busboy\lib\types\multipart.js:162:20)
    at SBMH.ssCb [as _cb] (C:\Users\KW\Documents\Projects\Freelance\in-progress\Shengen- MyLibrary - NEW - 19_05_2024\backend\ml-be\node_modules\busboy\lib\types\multipart.js:394:37)
    at feed (C:\Users\KW\Documents\Projects\Freelance\in-progress\Shengen- MyLibrary - NEW - 19_05_2024\backend\ml-be\node_modules\streamsearch\lib\sbmh.js:248:10)
    at SBMH.push (C:\Users\KW\Documents\Projects\Freelance\in-progress\Shengen- MyLibrary - NEW - 19_05_2024\backend\ml-be\node_modules\streamsearch\lib\sbmh.js:104:16)
    at Multipart._write (C:\Users\KW\Documents\Projects\Freelance\in-progress\Shengen- MyLibrary - NEW - 19_05_2024\backend\ml-be\node_modules\busboy\lib\types\multipart.js:567:19)
    at writeOrBuffer (node:internal/streams/writable:564:12)
2024-06-03T15:49:44.224Z error: Error: ENOENT: no such file or directory, open 'C:\Users\KW\Documents\Projects\Freelance\in-progress\Shengen- MyLibrary - NEW - 19_05_2024\backend\ml-be\uploads\profileImage-1717429784197-61063587'
2024-06-03T15:58:33.687Z error: MulterError: Unexpected field
    at wrappedFileFilter (C:\Users\KW\Documents\Projects\Freelance\in-progress\Shengen- MyLibrary - NEW - 19_05_2024\backend\ml-be\node_modules\multer\index.js:40:19)
    at Multipart.<anonymous> (C:\Users\KW\Documents\Projects\Freelance\in-progress\Shengen- MyLibrary - NEW - 19_05_2024\backend\ml-be\node_modules\multer\lib\make-middleware.js:107:7)
    at Multipart.emit (node:events:518:28)
    at HeaderParser.cb (C:\Users\KW\Documents\Projects\Freelance\in-progress\Shengen- MyLibrary - NEW - 19_05_2024\backend\ml-be\node_modules\busboy\lib\types\multipart.js:358:14)
    at HeaderParser.push (C:\Users\KW\Documents\Projects\Freelance\in-progress\Shengen- MyLibrary - NEW - 19_05_2024\backend\ml-be\node_modules\busboy\lib\types\multipart.js:162:20)
    at SBMH.ssCb [as _cb] (C:\Users\KW\Documents\Projects\Freelance\in-progress\Shengen- MyLibrary - NEW - 19_05_2024\backend\ml-be\node_modules\busboy\lib\types\multipart.js:394:37)
    at feed (C:\Users\KW\Documents\Projects\Freelance\in-progress\Shengen- MyLibrary - NEW - 19_05_2024\backend\ml-be\node_modules\streamsearch\lib\sbmh.js:248:10)
    at SBMH.push (C:\Users\KW\Documents\Projects\Freelance\in-progress\Shengen- MyLibrary - NEW - 19_05_2024\backend\ml-be\node_modules\streamsearch\lib\sbmh.js:104:16)
    at Multipart._write (C:\Users\KW\Documents\Projects\Freelance\in-progress\Shengen- MyLibrary - NEW - 19_05_2024\backend\ml-be\node_modules\busboy\lib\types\multipart.js:567:19)
    at writeOrBuffer (node:internal/streams/writable:564:12)
2024-06-03T16:02:13.038Z error: Error: ENOENT: no such file or directory, open 'C:\Users\KW\Documents\Projects\Freelance\in-progress\Shengen- MyLibrary - NEW - 19_05_2024\backend\ml-be\book_uploads\coverImage-1717430533014-487883531'
2024-06-03T16:09:33.846Z error: MulterError: Unexpected field
    at wrappedFileFilter (C:\Users\KW\Documents\Projects\Freelance\in-progress\Shengen- MyLibrary - NEW - 19_05_2024\backend\ml-be\node_modules\multer\index.js:40:19)
    at Multipart.<anonymous> (C:\Users\KW\Documents\Projects\Freelance\in-progress\Shengen- MyLibrary - NEW - 19_05_2024\backend\ml-be\node_modules\multer\lib\make-middleware.js:107:7)
    at Multipart.emit (node:events:518:28)
    at HeaderParser.cb (C:\Users\KW\Documents\Projects\Freelance\in-progress\Shengen- MyLibrary - NEW - 19_05_2024\backend\ml-be\node_modules\busboy\lib\types\multipart.js:358:14)
    at HeaderParser.push (C:\Users\KW\Documents\Projects\Freelance\in-progress\Shengen- MyLibrary - NEW - 19_05_2024\backend\ml-be\node_modules\busboy\lib\types\multipart.js:162:20)
    at SBMH.ssCb [as _cb] (C:\Users\KW\Documents\Projects\Freelance\in-progress\Shengen- MyLibrary - NEW - 19_05_2024\backend\ml-be\node_modules\busboy\lib\types\multipart.js:394:37)
    at feed (C:\Users\KW\Documents\Projects\Freelance\in-progress\Shengen- MyLibrary - NEW - 19_05_2024\backend\ml-be\node_modules\streamsearch\lib\sbmh.js:248:10)
    at SBMH.push (C:\Users\KW\Documents\Projects\Freelance\in-progress\Shengen- MyLibrary - NEW - 19_05_2024\backend\ml-be\node_modules\streamsearch\lib\sbmh.js:104:16)
    at Multipart._write (C:\Users\KW\Documents\Projects\Freelance\in-progress\Shengen- MyLibrary - NEW - 19_05_2024\backend\ml-be\node_modules\busboy\lib\types\multipart.js:567:19)
    at writeOrBuffer (node:internal/streams/writable:564:12)
